{"/home/alaa/Desktop/o2-project/main.js":{"path":"/home/alaa/Desktop/o2-project/main.js","s":{"1":1,"2":1,"3":5,"4":5,"5":5,"6":5,"7":5,"8":1,"9":1,"10":1},"b":{},"f":{"1":5},"fnMap":{"1":{"name":"mainHandler","line":3,"loc":{"start":{"line":3,"column":17},"end":{"line":3,"column":48}}}},"statementMap":{"1":{"start":{"line":1,"column":0},"end":{"line":1,"column":53}},"2":{"start":{"line":3,"column":0},"end":{"line":15,"column":2}},"3":{"start":{"line":4,"column":2},"end":{"line":4,"column":23}},"4":{"start":{"line":5,"column":1},"end":{"line":5,"column":34}},"5":{"start":{"line":6,"column":3},"end":{"line":6,"column":39}},"6":{"start":{"line":8,"column":4},"end":{"line":14,"column":5}},"7":{"start":{"line":9,"column":8},"end":{"line":9,"column":32}},"8":{"start":{"line":11,"column":8},"end":{"line":11,"column":34}},"9":{"start":{"line":12,"column":8},"end":{"line":12,"column":36}},"10":{"start":{"line":13,"column":8},"end":{"line":13,"column":29}}},"branchMap":{}},"/home/alaa/Desktop/o2-project/google-sheet-api/router.js":{"path":"/home/alaa/Desktop/o2-project/google-sheet-api/router.js","s":{"1":1},"b":{},"f":{},"fnMap":{},"statementMap":{"1":{"start":{"line":1,"column":0},"end":{"line":6,"column":1}}},"branchMap":{}},"/home/alaa/Desktop/o2-project/google-sheet-api/index.js":{"path":"/home/alaa/Desktop/o2-project/google-sheet-api/index.js","s":{"1":1,"2":1,"3":1,"4":1},"b":{},"f":{"1":1},"fnMap":{"1":{"name":"(anonymous_1)","line":3,"loc":{"start":{"line":3,"column":18},"end":{"line":3,"column":38}}}},"statementMap":{"1":{"start":{"line":1,"column":0},"end":{"line":1,"column":23}},"2":{"start":{"line":2,"column":0},"end":{"line":2,"column":70}},"3":{"start":{"line":3,"column":0},"end":{"line":5,"column":1}},"4":{"start":{"line":4,"column":1},"end":{"line":4,"column":19}}},"branchMap":{}},"/home/alaa/Desktop/o2-project/google-sheet-api/sheet.js":{"path":"/home/alaa/Desktop/o2-project/google-sheet-api/sheet.js","s":{"1":1,"2":1,"3":1,"4":1,"5":1,"6":1,"7":1},"b":{},"f":{"1":1,"2":1},"fnMap":{"1":{"name":"(anonymous_1)","line":2,"loc":{"start":{"line":2,"column":17},"end":{"line":2,"column":36}}},"2":{"name":"(anonymous_2)","line":4,"loc":{"start":{"line":4,"column":25},"end":{"line":4,"column":45}}}},"statementMap":{"1":{"start":{"line":1,"column":0},"end":{"line":1,"column":52}},"2":{"start":{"line":2,"column":0},"end":{"line":11,"column":1}},"3":{"start":{"line":3,"column":4},"end":{"line":3,"column":51}},"4":{"start":{"line":4,"column":4},"end":{"line":9,"column":7}},"5":{"start":{"line":5,"column":8},"end":{"line":5,"column":31}},"6":{"start":{"line":7,"column":8},"end":{"line":7,"column":47}},"7":{"start":{"line":8,"column":8},"end":{"line":8,"column":170}}},"branchMap":{}},"/home/alaa/Desktop/o2-project/google-sheet-api/utils.js":{"path":"/home/alaa/Desktop/o2-project/google-sheet-api/utils.js","s":{"1":1,"2":1,"3":1,"4":1,"5":1,"6":1,"7":1,"8":1,"9":1,"10":1,"11":1,"12":1,"13":1,"14":1,"15":1,"16":1,"17":1,"18":1,"19":1,"20":0,"21":0,"22":1,"23":1,"24":1,"25":1,"26":1},"b":{"1":[0,1]},"f":{"1":1,"2":1,"3":1,"4":1},"fnMap":{"1":{"name":"parseBody","line":6,"loc":{"start":{"line":6,"column":0},"end":{"line":6,"column":34}}},"2":{"name":"(anonymous_2)","line":8,"loc":{"start":{"line":8,"column":19},"end":{"line":8,"column":34}}},"3":{"name":"(anonymous_3)","line":11,"loc":{"start":{"line":11,"column":18},"end":{"line":11,"column":29}}},"4":{"name":"writesheet","line":25,"loc":{"start":{"line":25,"column":0},"end":{"line":25,"column":28}}}},"statementMap":{"1":{"start":{"line":1,"column":0},"end":{"line":1,"column":32}},"2":{"start":{"line":2,"column":0},"end":{"line":2,"column":29}},"3":{"start":{"line":3,"column":0},"end":{"line":3,"column":35}},"4":{"start":{"line":4,"column":0},"end":{"line":4,"column":33}},"5":{"start":{"line":5,"column":0},"end":{"line":5,"column":9}},"6":{"start":{"line":6,"column":0},"end":{"line":23,"column":1}},"7":{"start":{"line":7,"column":4},"end":{"line":7,"column":18}},"8":{"start":{"line":8,"column":4},"end":{"line":10,"column":7}},"9":{"start":{"line":9,"column":8},"end":{"line":9,"column":21}},"10":{"start":{"line":11,"column":4},"end":{"line":22,"column":7}},"11":{"start":{"line":12,"column":5},"end":{"line":12,"column":34}},"12":{"start":{"line":13,"column":8},"end":{"line":13,"column":35}},"13":{"start":{"line":14,"column":8},"end":{"line":20,"column":9}},"14":{"start":{"line":21,"column":8},"end":{"line":21,"column":36}},"15":{"start":{"line":25,"column":0},"end":{"line":52,"column":1}},"16":{"start":{"line":26,"column":4},"end":{"line":31,"column":6}},"17":{"start":{"line":33,"column":4},"end":{"line":33,"column":66}},"18":{"start":{"line":34,"column":4},"end":{"line":51,"column":7}},"19":{"start":{"line":35,"column":8},"end":{"line":38,"column":9}},"20":{"start":{"line":36,"column":12},"end":{"line":36,"column":29}},"21":{"start":{"line":37,"column":12},"end":{"line":37,"column":19}},"22":{"start":{"line":39,"column":8},"end":{"line":47,"column":10}},"23":{"start":{"line":48,"column":8},"end":{"line":48,"column":51}},"24":{"start":{"line":49,"column":8},"end":{"line":49,"column":26}},"25":{"start":{"line":50,"column":8},"end":{"line":50,"column":18}},"26":{"start":{"line":53,"column":0},"end":{"line":57,"column":2}}},"branchMap":{"1":{"line":35,"type":"if","locations":[{"start":{"line":35,"column":8},"end":{"line":35,"column":8}},{"start":{"line":35,"column":8},"end":{"line":35,"column":8}}]}}},"/home/alaa/Desktop/o2-project/facebook-api/auth.js":{"path":"/home/alaa/Desktop/o2-project/facebook-api/auth.js","s":{"1":1,"2":1,"3":1,"4":1},"b":{},"f":{},"fnMap":{},"statementMap":{"1":{"start":{"line":1,"column":0},"end":{"line":1,"column":47}},"2":{"start":{"line":2,"column":1},"end":{"line":5,"column":3}},"3":{"start":{"line":3,"column":4},"end":{"line":3,"column":45}},"4":{"start":{"line":4,"column":4},"end":{"line":4,"column":40}}},"branchMap":{}},"/home/alaa/Desktop/o2-project/facebook-api/utils1.js":{"path":"/home/alaa/Desktop/o2-project/facebook-api/utils1.js","s":{"1":1,"2":1,"3":1,"4":1,"5":1,"6":1,"7":1,"8":1},"b":{},"f":{},"fnMap":{},"statementMap":{"1":{"start":{"line":1,"column":0},"end":{"line":1,"column":32}},"2":{"start":{"line":3,"column":0},"end":{"line":12,"column":2}},"3":{"start":{"line":5,"column":4},"end":{"line":5,"column":25}},"4":{"start":{"line":8,"column":4},"end":{"line":8,"column":19}},"5":{"start":{"line":9,"column":4},"end":{"line":9,"column":44}},"6":{"start":{"line":9,"column":28},"end":{"line":9,"column":42}},"7":{"start":{"line":10,"column":4},"end":{"line":10,"column":57}},"8":{"start":{"line":10,"column":24},"end":{"line":10,"column":55}}},"branchMap":{}},"/home/alaa/Desktop/o2-project/facebook-api/receive.js":{"path":"/home/alaa/Desktop/o2-project/facebook-api/receive.js","s":{"1":1,"2":1,"3":1,"4":1,"5":1,"6":1},"b":{},"f":{},"fnMap":{},"statementMap":{"1":{"start":{"line":1,"column":0},"end":{"line":1,"column":47}},"2":{"start":{"line":3,"column":0},"end":{"line":13,"column":1}},"3":{"start":{"line":4,"column":4},"end":{"line":12,"column":7}},"4":{"start":{"line":9,"column":8},"end":{"line":9,"column":74}},"5":{"start":{"line":10,"column":8},"end":{"line":10,"column":77}},"6":{"start":{"line":11,"column":8},"end":{"line":11,"column":18}}},"branchMap":{}}}