TN:
SF:/home/alaa/Desktop/o2-project/main.js
FN:3,mainHandler
FNF:1
FNH:1
FNDA:5,mainHandler
DA:1,1
DA:3,1
DA:4,5
DA:5,5
DA:6,5
DA:8,5
DA:9,5
DA:11,1
DA:12,1
DA:13,1
LF:10
LH:10
BRF:0
BRH:0
end_of_record
TN:
SF:/home/alaa/Desktop/o2-project/google-sheet-api/router.js
FNF:0
FNH:0
DA:1,1
LF:1
LH:1
BRF:0
BRH:0
end_of_record
TN:
SF:/home/alaa/Desktop/o2-project/google-sheet-api/index.js
FN:3,(anonymous_1)
FNF:1
FNH:1
FNDA:1,(anonymous_1)
DA:1,1
DA:2,1
DA:3,1
DA:4,1
LF:4
LH:4
BRF:0
BRH:0
end_of_record
TN:
SF:/home/alaa/Desktop/o2-project/google-sheet-api/sheet.js
FN:2,(anonymous_1)
FN:4,(anonymous_2)
FNF:2
FNH:2
FNDA:1,(anonymous_1)
FNDA:1,(anonymous_2)
DA:1,1
DA:2,1
DA:3,1
DA:4,1
DA:5,1
DA:7,1
DA:8,1
LF:7
LH:7
BRF:0
BRH:0
end_of_record
TN:
SF:/home/alaa/Desktop/o2-project/google-sheet-api/utils.js
FN:6,parseBody
FN:8,(anonymous_2)
FN:11,(anonymous_3)
FN:25,writesheet
FNF:4
FNH:4
FNDA:1,parseBody
FNDA:1,(anonymous_2)
FNDA:1,(anonymous_3)
FNDA:1,writesheet
DA:1,1
DA:2,1
DA:3,1
DA:4,1
DA:5,1
DA:6,1
DA:7,1
DA:8,1
DA:9,1
DA:11,1
DA:12,1
DA:13,1
DA:14,1
DA:21,1
DA:25,1
DA:26,1
DA:33,1
DA:34,1
DA:35,1
DA:36,0
DA:37,0
DA:39,1
DA:48,1
DA:49,1
DA:50,1
DA:53,1
LF:26
LH:24
BRDA:35,1,0,0
BRDA:35,1,1,1
BRF:2
BRH:1
end_of_record
TN:
SF:/home/alaa/Desktop/o2-project/facebook-api/auth.js
FNF:0
FNH:0
DA:1,1
DA:2,1
DA:3,1
DA:4,1
LF:4
LH:4
BRF:0
BRH:0
end_of_record
TN:
SF:/home/alaa/Desktop/o2-project/facebook-api/utils1.js
FNF:0
FNH:0
DA:1,1
DA:3,1
DA:5,1
DA:8,1
DA:9,1
DA:10,1
LF:6
LH:6
BRF:0
BRH:0
end_of_record
TN:
SF:/home/alaa/Desktop/o2-project/facebook-api/receive.js
FNF:0
FNH:0
DA:1,1
DA:3,1
DA:4,1
DA:9,1
DA:10,1
DA:11,1
LF:6
LH:6
BRF:0
BRH:0
end_of_record
